════════════════════════════════════════
📝 Daily Blog Publish — 2026-04-05 09:00:02
════════════════════════════════════════

🚀 Step 1: Generating blog from Queue...
🚀 Starting Automatic Blog Generation from Queue...

📋 Processing Item [blog-85646b23]: 精子の質を落とす「見えない敵」：マイクロプラスチックと最新の男性不妊研究
🔗 Primary Source URLs:
https://pubmed.ncbi.nlm.nih.gov/41724789/2.
https://pmc.ncbi.nlm.nih.gov/articles/PMC12929567/
📅 Target Post Date calculated as: 2026-04-28

🔍 Verifying URLs in generated blog content...

  [Checking JP Blog]
  ❌ Source URL broken (removing): https://amzn.to/3NcOWBl
  ⚠️ JP Blog URL issue: ❌ All provided source URLs were invalid or broken. Suspected hallucination.

  [Checking EN Blog]
  ❌ Source URL broken (removing): https://www.amazon.co.jp/Doctor%E2%80%99s-Guide-Womens-Health-Preconception/dp/B0F7XTWJ3X/ref=tmm_pap_swatch_0
  ⚠️ EN Blog URL issue: ❌ All provided source URLs were invalid or broken. Suspected hallucination.
📝 Generated xPost Tip: 最新研究でヒト精巣からマイクロプラスチックが検出され、精子濃度との関連が示唆されています。環境中の見えない脅威から生殖機能を守るために、日々の選択を見直すことが選択肢を増やす一歩になるでしょう。#男性不妊 #マイクロプラスチック
☁️ Uploading drafts to Google Drive...
[dotenv@17.3.1] injecting env (0) from .env -- tip: 🛡️ auth for agents: https://vestauth.com
❌ Error generating content from queue:
GaxiosError: Service Accounts do not have storage quota. Leverage shared drives (https://developers.google.com/workspace/drive/api/guides/about-shareddrives), or use OAuth delegation (http://support.google.com/a/answer/7281227) instead.
    at Gaxios._request (/Users/satoutakuma/Desktop/webpage.new/node_modules/gaxios/src/gaxios.ts:213:15)
    at process.processTicksAndRejections (node:internal/process/task_queues:104:5)
    at async JWT.requestAsync (/Users/satoutakuma/Desktop/webpage.new/node_modules/google-auth-library/build/src/auth/oauth2client.js:463:20)
    at async createAPIRequestAsync (/Users/satoutakuma/Desktop/webpage.new/node_modules/googleapis-common/build/src/apirequest.js:308:25)
    at async uploadFile (/Users/satoutakuma/Desktop/webpage.new/src/lib/google-client.ts:99:15)
    at async main (/Users/satoutakuma/Desktop/webpage.new/scripts/content-gen/write-blog-from-queue.ts:435:26) {
  config: {
    url: URL {
      href: 'https://www.googleapis.com/upload/drive/v3/files?fields=id%2C%20webViewLink&uploadType=multipart',
      origin: 'https://www.googleapis.com',
      protocol: 'https:',
      username: '',
      password: '',
      host: 'www.googleapis.com',
      hostname: 'www.googleapis.com',
      port: '',
      pathname: '/upload/drive/v3/files',
      search: '?fields=id%2C%20webViewLink&uploadType=multipart',
      searchParams: URLSearchParams { 'fields' => 'id, webViewLink', 'uploadType' => 'multipart' },
      hash: ''
    },
    method: 'POST',
    apiVersion: '',
    userAgentDirectives: [ [Object] ],
    paramsSerializer: [Function (anonymous)],
    data: PassThrough {
      _events: [Object],
      _readableState: [ReadableState],
      _writableState: [WritableState],
      allowHalfOpen: true,
      _maxListeners: undefined,
      _flush: [Function: flush],
      _eventsCount: 5,
      Symbol(shapeMode): true,
      Symbol(kCapture): false,
      Symbol(kCallback): null
    },
    headers: Headers {
      'accept-encoding': 'gzip',
      authorization: '<<REDACTED> - See `errorRedactor` option in `gaxios` for configuration>.',
      'content-type': 'multipart/related; boundary=dbf1b225-7837-4b0c-a9f2-bfbc7288df14',
      'user-agent': 'google-api-nodejs-client/8.0.1 (gzip)',
      'x-goog-api-client': 'gdcl/8.0.1 gl-node/24.14.0'
    },
    params: { fields: 'id, webViewLink', uploadType: 'multipart' },
    validateStatus: [Function (anonymous)],
    retry: true,
    body: PassThrough {
      _events: [Object],
      _readableState: [ReadableState],
      _writableState: [WritableState],
      allowHalfOpen: true,
      _maxListeners: undefined,
      _flush: [Function: flush],
      _eventsCount: 5,
      Symbol(shapeMode): true,
      Symbol(kCapture): false,
      Symbol(kCallback): null
    },
    responseType: 'unknown',
    errorRedactor: [Function: defaultErrorRedactor],
    duplex: 'half',
    retryConfig: {
      currentRetryAttempt: 0,
      retry: 3,
      httpMethodsToRetry: [Array],
      noResponseRetries: 2,
      retryDelayMultiplier: 2,
      timeOfFirstRequest: 1775347240627,
      totalTimeout: 9007199254740991,
      maxRetryDelay: 9007199254740991,
      statusCodesToRetry: [Array]
    }
  },
  response: Response {
    size: 0,
    data: { error: [Object] },
    config: {
      url: URL {},
      method: 'POST',
      apiVersion: '',
      userAgentDirectives: [Array],
      paramsSerializer: [Function (anonymous)],
      data: [PassThrough],
      headers: Headers {
        'accept-encoding': 'gzip',
        authorization: '<<REDACTED> - See `errorRedactor` option in `gaxios` for configuration>.',
        'content-type': 'multipart/related; boundary=dbf1b225-7837-4b0c-a9f2-bfbc7288df14',
        'user-agent': 'google-api-nodejs-client/8.0.1 (gzip)',
        'x-goog-api-client': 'gdcl/8.0.1 gl-node/24.14.0'
      },
      params: [Object],
      validateStatus: [Function (anonymous)],
      retry: true,
      body: [PassThrough],
      responseType: 'unknown',
      errorRedactor: [Function: defaultErrorRedactor],
      duplex: 'half'
    },
    Symbol(Body internals): {
      body: [PassThrough],
      stream: [PassThrough],
      boundary: null,
      disturbed: true,
      error: null
    },
    Symbol(Response internals): {
      type: 'default',
      url: 'https://www.googleapis.com/upload/drive/v3/files?fields=id%2C%20webViewLink&uploadType=multipart',
      status: 403,
      statusText: 'Forbidden',
      headers: [Object],
      counter: 0,
      highWaterMark: 16384
    }
  },
  code: 403,
  status: 403,
  error: undefined,
  Symbol(gaxios-gaxios-error): '7.1.3',
  [cause]: {
    message: 'Service Accounts do not have storage quota. Leverage shared drives (https://developers.google.com/workspace/drive/api/guides/about-shareddrives), or use OAuth delegation (http://support.google.com/a/answer/7281227) instead.',
    code: 403,
    status: 'Forbidden',
    errors: [ [Object] ]
  }
}
⚠️ Blog generation failed or Queue is empty. Skipping git push.
完了: 09:00:40
